2024-08-04 16:07:42,828:INFO:Начало работы программы
2024-08-04 16:07:46,803:INFO:Ввод пользователя: D:\task\example1.txt 
2024-08-04 16:07:50,574:INFO:Ввод пользователя: D:\task\
2024-08-04 16:07:52,932:INFO:Ввод пользователя: D:\task\missing_file.txt
2024-08-04 16:07:56,239:INFO:Ввод пользователя: D:\non_existent_directory\
2024-08-04 16:08:03,269:INFO:Ввод пользователя: D:\task\
2024-08-04 16:08:06,538:INFO:Ввод пользователя: D:\task\invali*d_file.txt
2024-08-04 16:08:11,819:INFO:Ввод пользователя: D:\task\no_extension_file
2024-08-04 16:08:16,870:INFO:Ввод пользователя: 
2024-08-04 16:08:23,150:INFO:Ввод пользователя: stop
2024-08-04 16:08:23,150:INFO:Количество введенных путей: 8
2024-08-04 16:08:23,151:INFO:Успешно обработан файл: D:\task\example1.txt 
2024-08-04 16:08:23,151:INFO:Ответ программы для D:\task\example1.txt : ('D:\\task', 'example1', '.txt ')
2024-08-04 16:08:23,151:INFO:Время обработки запроса: 0.00 секунд
2024-08-04 16:08:23,151:INFO:Успешно обработан файл: D:\task\
2024-08-04 16:08:23,151:INFO:Ответ программы для D:\task\: ('D:\\task', '', '')
2024-08-04 16:08:23,152:INFO:Время обработки запроса: 0.00 секунд
2024-08-04 16:08:23,152:ERROR:Ошибка при обработке пути 'D:\task\missing_file.txt': Путь не существует: D:\task\missing_file.txt
2024-08-04 16:08:23,152:INFO:Ответ программы для D:\task\missing_file.txt: (None, None, None)
2024-08-04 16:08:23,153:INFO:Время обработки запроса: 0.00 секунд
2024-08-04 16:08:23,153:ERROR:Ошибка при обработке пути 'D:\non_existent_directory\': Путь не существует: D:\non_existent_directory\
2024-08-04 16:08:23,153:INFO:Ответ программы для D:\non_existent_directory\: (None, None, None)
2024-08-04 16:08:23,153:INFO:Время обработки запроса: 0.00 секунд
2024-08-04 16:08:23,153:INFO:Успешно обработан файл: D:\task\
2024-08-04 16:08:23,153:INFO:Ответ программы для D:\task\: ('D:\\task', '', '')
2024-08-04 16:08:23,153:INFO:Время обработки запроса: 0.00 секунд
2024-08-04 16:08:23,154:ERROR:Ошибка при обработке пути 'D:\task\invali*d_file.txt': Путь не существует: D:\task\invali*d_file.txt
2024-08-04 16:08:23,154:INFO:Ответ программы для D:\task\invali*d_file.txt: (None, None, None)
2024-08-04 16:08:23,154:INFO:Время обработки запроса: 0.00 секунд
2024-08-04 16:08:23,154:ERROR:Ошибка при обработке пути 'D:\task\no_extension_file': Путь не существует: D:\task\no_extension_file
2024-08-04 16:08:23,154:INFO:Ответ программы для D:\task\no_extension_file: (None, None, None)
2024-08-04 16:08:23,154:INFO:Время обработки запроса: 0.00 секунд
2024-08-04 16:08:23,154:ERROR:Ошибка при обработке пути '': Путь не существует: 
2024-08-04 16:08:23,154:INFO:Ответ программы для : (None, None, None)
2024-08-04 16:08:23,154:INFO:Время обработки запроса: 0.00 секунд
2024-08-04 16:08:23,154:INFO:Общее время работы программы: 40.33 секунд
