2024-08-05 13:21:49,339:INFO:Запуск функции rename_files с параметрами: newname, 3, txt, md, [1, 10], D:\task
2024-08-05 13:21:49,340:INFO:Файл newname001 — копия (2).txt переименован в newname001newname001.md
2024-08-05 13:21:49,340:INFO:Файл newname001 — копия (3).txt переименован в newname001newname002.md
2024-08-05 13:21:49,341:INFO:Файл newname001 — копия (4).txt переименован в newname001newname003.md
2024-08-05 13:21:49,341:INFO:Файл newname001 — копия (5).txt переименован в newname001newname004.md
2024-08-05 13:21:49,342:INFO:Файл newname001 — копия.txt переименован в newname001newname005.md
2024-08-05 13:21:49,342:INFO:Файл newname001.txt переименован в newname001newname006.md
2024-08-05 13:21:49,342:INFO:Успешное переименование файлов в директории D:\task
2024-08-05 13:21:49,342:INFO:Время, затраченное на ввод примера: 88.55 секунд.
2024-08-05 13:22:00,036:ERROR:Произошла ошибка: Директория не существует: D:\wrong_task. Пожалуйста, попробуйте снова.
2024-08-05 13:22:00,037:INFO:Время, затраченное на ввод примера: 10.69 секунд.
2024-08-05 13:22:12,797:ERROR:Произошла ошибка: Некорректный ввод данных для количества цифр: invalid literal for int() with base 10: 'three'. Некорректный ввод данных. Пожалуйста, попробуйте снова.
2024-08-05 13:22:12,798:INFO:Время, затраченное на ввод примера: 12.76 секунд.
2024-08-05 13:22:35,944:INFO:Запуск функции rename_files с параметрами: newname, 3, docx, txt, [1, 10], D:\task
2024-08-05 13:22:35,944:ERROR:Ошибка в функции rename_files: Нет файлов с расширением docx в директории D:\task
2024-08-05 13:22:35,944:ERROR:Произошла ошибка: Нет файлов с расширением docx в директории D:\task. Пожалуйста, попробуйте снова.
2024-08-05 13:22:35,945:INFO:Время, затраченное на ввод примера: 23.15 секунд.
2024-08-05 13:23:11,539:INFO:Запуск функции rename_files с параметрами: newname, 3, md, txt, [100, 1000], D:\task
2024-08-05 13:23:11,540:ERROR:Ошибка при переименовании файла newname001newname001.md: Диапазон [100, 1000] выходит за пределы длины имени файла: newname001newname001.md
2024-08-05 13:23:11,540:ERROR:Ошибка при переименовании файла newname001newname002.md: Диапазон [100, 1000] выходит за пределы длины имени файла: newname001newname002.md
2024-08-05 13:23:11,540:ERROR:Ошибка при переименовании файла newname001newname003.md: Диапазон [100, 1000] выходит за пределы длины имени файла: newname001newname003.md
2024-08-05 13:23:11,541:ERROR:Ошибка при переименовании файла newname001newname004.md: Диапазон [100, 1000] выходит за пределы длины имени файла: newname001newname004.md
2024-08-05 13:23:11,541:ERROR:Ошибка при переименовании файла newname001newname005.md: Диапазон [100, 1000] выходит за пределы длины имени файла: newname001newname005.md
2024-08-05 13:23:11,541:ERROR:Ошибка при переименовании файла newname001newname006.md: Диапазон [100, 1000] выходит за пределы длины имени файла: newname001newname006.md
2024-08-05 13:23:11,542:INFO:Не удалось переименовать файлы в директории D:\task
2024-08-05 13:23:11,542:INFO:Время, затраченное на ввод примера: 35.60 секунд.
2024-08-05 13:24:17,962:INFO:Запуск функции rename_files с параметрами: newname, 3, md, md, [100, 1000], D:\task
2024-08-05 13:24:17,962:ERROR:Ошибка при переименовании файла newname001newname001.md: Диапазон [100, 1000] выходит за пределы длины имени файла: newname001newname001.md
2024-08-05 13:24:17,963:ERROR:Ошибка при переименовании файла newname001newname002.md: Диапазон [100, 1000] выходит за пределы длины имени файла: newname001newname002.md
2024-08-05 13:24:17,963:ERROR:Ошибка при переименовании файла newname001newname003.md: Диапазон [100, 1000] выходит за пределы длины имени файла: newname001newname003.md
2024-08-05 13:24:17,963:ERROR:Ошибка при переименовании файла newname001newname004.md: Диапазон [100, 1000] выходит за пределы длины имени файла: newname001newname004.md
2024-08-05 13:24:17,964:ERROR:Ошибка при переименовании файла newname001newname005.md: Диапазон [100, 1000] выходит за пределы длины имени файла: newname001newname005.md
2024-08-05 13:24:17,964:ERROR:Ошибка при переименовании файла newname001newname006.md: Диапазон [100, 1000] выходит за пределы длины имени файла: newname001newname006.md
2024-08-05 13:24:17,964:INFO:Не удалось переименовать файлы в директории D:\task
2024-08-05 13:24:17,964:INFO:Время, затраченное на ввод примера: 66.42 секунд.
2024-08-05 13:25:14,160:INFO:Запуск функции rename_files с параметрами: existingname, 1, txt, txt, [1, 10], D:\task
2024-08-05 13:25:14,160:INFO:Файл existingname1.txt переименован в existingnaexistingname1.txt
2024-08-05 13:25:14,160:INFO:Успешное переименование файлов в директории D:\task
2024-08-05 13:25:14,161:INFO:Время, затраченное на ввод примера: 56.20 секунд.
2024-08-05 13:25:17,840:ERROR:Произошла ошибка: Директория не существует: exit. Пожалуйста, попробуйте снова.
2024-08-05 13:25:17,840:INFO:Время, затраченное на ввод примера: 3.68 секунд.
2024-08-05 13:25:22,496:INFO:Программа завершена пользователем. Введено 8 примеров.
2024-08-05 13:25:22,496:INFO:Время, затраченное на ввод примера: 4.66 секунд.
2024-08-05 13:25:22,497:INFO:Пользователь ввел 8 примеров.
