2024-08-04 16:06:32,095:Начало работы программы
2024-08-04 16:07:42,828:Начало работы программы
2024-08-04 16:07:46,803:Ввод пользователя: D:\task\example1.txt 
2024-08-04 16:07:50,574:Ввод пользователя: D:\task\
2024-08-04 16:07:52,932:Ввод пользователя: D:\task\missing_file.txt
2024-08-04 16:07:56,239:Ввод пользователя: D:\non_existent_directory\
2024-08-04 16:08:03,269:Ввод пользователя: D:\task\
2024-08-04 16:08:06,538:Ввод пользователя: D:\task\invali*d_file.txt
2024-08-04 16:08:11,819:Ввод пользователя: D:\task\no_extension_file
2024-08-04 16:08:16,870:Ввод пользователя: 
2024-08-04 16:08:23,150:Ввод пользователя: stop
2024-08-04 16:08:23,150:Количество введенных путей: 8
2024-08-04 16:08:23,151:Ответ программы для D:\task\example1.txt : ('D:\\task', 'example1', '.txt ')
2024-08-04 16:08:23,151:Время обработки запроса: 0.00 секунд
2024-08-04 16:08:23,151:Ответ программы для D:\task\: ('D:\\task', '', '')
2024-08-04 16:08:23,152:Время обработки запроса: 0.00 секунд
2024-08-04 16:08:23,152:Ответ программы для D:\task\missing_file.txt: (None, None, None)
2024-08-04 16:08:23,153:Время обработки запроса: 0.00 секунд
2024-08-04 16:08:23,153:Ответ программы для D:\non_existent_directory\: (None, None, None)
2024-08-04 16:08:23,153:Время обработки запроса: 0.00 секунд
2024-08-04 16:08:23,153:Ответ программы для D:\task\: ('D:\\task', '', '')
2024-08-04 16:08:23,153:Время обработки запроса: 0.00 секунд
2024-08-04 16:08:23,154:Ответ программы для D:\task\invali*d_file.txt: (None, None, None)
2024-08-04 16:08:23,154:Время обработки запроса: 0.00 секунд
2024-08-04 16:08:23,154:Ответ программы для D:\task\no_extension_file: (None, None, None)
2024-08-04 16:08:23,154:Время обработки запроса: 0.00 секунд
2024-08-04 16:08:23,154:Ответ программы для : (None, None, None)
2024-08-04 16:08:23,154:Время обработки запроса: 0.00 секунд
2024-08-04 16:08:23,154:Общее время работы программы: 40.33 секунд
